<?xml version="1.0" encoding="UTF-8"?>
<testng-results ignored="0" total="2" passed="2" failed="0" skipped="0">
  <reporter-output>
  </reporter-output>
  <suite started-at="2023-11-17T13:51:19 IST" name="Default suite" finished-at="2023-11-17T13:51:19 IST" duration-ms="59">
    <groups>
    </groups>
    <test started-at="2023-11-17T13:51:19 IST" name="Default test" finished-at="2023-11-17T13:51:19 IST" duration-ms="59">
      <class name="testng.NewTest2">
        <test-method signature="f(java.lang.Integer,java.lang.String)[pri:0, instance:testng.NewTest2@2ddc9a9f]" started-at="2023-11-17T13:51:19 IST" name="f" data-provider="dp" finished-at="2023-11-17T13:51:19 IST" duration-ms="6" status="PASS">
          <params>
            <param index="0">
              <value>
                <![CDATA[1]]>
              </value>
            </param>
            <param index="1">
              <value>
                <![CDATA[a]]>
              </value>
            </param>
          </params>
          <reporter-output>
          </reporter-output>
        </test-method> <!-- f -->
        <test-method signature="f(java.lang.Integer,java.lang.String)[pri:0, instance:testng.NewTest2@2ddc9a9f]" started-at="2023-11-17T13:51:19 IST" name="f" data-provider="dp" finished-at="2023-11-17T13:51:19 IST" duration-ms="2" status="PASS">
          <params>
            <param index="0">
              <value>
                <![CDATA[2]]>
              </value>
            </param>
            <param index="1">
              <value>
                <![CDATA[b]]>
              </value>
            </param>
          </params>
          <reporter-output>
          </reporter-output>
        </test-method> <!-- f -->
      </class> <!-- testng.NewTest2 -->
    </test> <!-- Default test -->
  </suite> <!-- Default suite -->
</testng-results>
